<?xml version="1.0" encoding="UTF-8"?>
<testng-results ignored="0" total="1" passed="1" failed="0" skipped="0">
  <reporter-output>
  </reporter-output>
  <suite started-at="2024-12-09T14:14:34 CET" name="Suite" finished-at="2024-12-09T14:22:43 CET" duration-ms="488873">
    <groups>
    </groups>
    <test started-at="2024-12-09T14:14:34 CET" name="Website features" finished-at="2024-12-09T14:22:43 CET" duration-ms="488873">
      <class name="Spothopper.QA.TestCases.MetroAreasTest">
        <test-method is-config="true" signature="bSuite()[pri:0, instance:Spothopper.QA.TestCases.MetroAreasTest@2631f68c]" started-at="2024-12-09T14:14:34 CET" name="bSuite" finished-at="2024-12-09T14:14:34 CET" duration-ms="7" status="PASS">
          <reporter-output>
          </reporter-output>
        </test-method> <!-- bSuite -->
        <test-method is-config="true" signature="launchApplication()[pri:0, instance:Spothopper.QA.TestCases.MetroAreasTest@2631f68c]" started-at="2024-12-09T14:14:34 CET" name="launchApplication" finished-at="2024-12-09T14:14:36 CET" duration-ms="1609" status="PASS">
          <reporter-output>
          </reporter-output>
        </test-method> <!-- launchApplication -->
        <test-method signature="sinchronizeChanges()[pri:0, instance:Spothopper.QA.TestCases.MetroAreasTest@2631f68c]" started-at="2024-12-09T14:14:36 CET" name="sinchronizeChanges" finished-at="2024-12-09T14:22:43 CET" duration-ms="487233" status="PASS">
          <reporter-output>
          </reporter-output>
        </test-method> <!-- sinchronizeChanges -->
        <test-method is-config="true" signature="closeWindow()[pri:0, instance:Spothopper.QA.TestCases.MetroAreasTest@2631f68c]" started-at="2024-12-09T14:22:43 CET" name="closeWindow" finished-at="2024-12-09T14:22:43 CET" duration-ms="0" status="PASS">
          <reporter-output>
          </reporter-output>
        </test-method> <!-- closeWindow -->
      </class> <!-- Spothopper.QA.TestCases.MetroAreasTest -->
    </test> <!-- Website features -->
  </suite> <!-- Suite -->
</testng-results>
